2025-12-16 17:47:19,571 - robot - ERROR - logger.py:81 - Connection error: 
2025-12-16 18:10:26,073 - robot - ERROR - logger.py:81 - Connection error: 
2025-12-16 18:13:44,762 - robot - ERROR - real_robot_adapter.py:98 - SSH连接失败: timed out
2025-12-16 18:15:54,816 - robot - ERROR - logger.py:81 - Connection error: 
2025-12-16 21:26:13,402 - robot - ERROR - logger.py:81 - Connection error: 
2025-12-16 21:26:35,310 - robot - ERROR - logger.py:81 - Connection error: 
2025-12-16 21:26:35,969 - robot - ERROR - logger.py:81 - Connection error: 
2025-12-16 21:31:22,558 - robot - ERROR - logger.py:81 - 命令执行失败: python3 -m Startups.memory_manager
2025-12-16 21:46:37,457 - robot - ERROR - logger.py:81 - 命令执行失败: python3 -m Library.ROBOT_MODEL.BRUCE_DYNAMICS_AOT
2025-12-16 21:47:22,662 - robot - ERROR - logger.py:81 - 命令执行失败: python3 -m Library.ROBOT_MODEL.BRUCE_DYNAMICS_AOT
2025-12-16 21:57:07,510 - robot - ERROR - real_robot_adapter.py:219 - 命令执行失败: 
2025-12-16 21:57:07,513 - robot - ERROR - logger.py:81 - 命令执行失败: cd /home/khadas/BRUCE/BRUCE-OP && python3 -m Startups.run_dxl
2025-12-16 22:14:11,203 - robot - ERROR - real_robot_adapter.py:238 - 命令错误: bash: line 1: ./init.sh: No such file or directory
2025-12-16 22:14:11,204 - robot - ERROR - logger.py:81 - 命令执行失败: cd /home/khadas/BRUCE/BRUCE-OP && echo 'y' | ./init.sh
2025-12-16 22:16:33,334 - robot - ERROR - real_robot_adapter.py:238 - 命令错误: bash: line 1: ./init.sh: No such file or directory
2025-12-16 22:16:33,335 - robot - ERROR - logger.py:81 - 命令执行失败: cd /home/khadas/BRUCE/BRUCE-OP && echo 'y' | ./init.sh
2025-12-16 22:22:49,878 - robot - ERROR - real_robot_adapter.py:238 - 命令错误: bash: line 1: ./init.sh: No such file or directory
2025-12-16 22:22:49,878 - robot - ERROR - logger.py:81 - 命令执行失败: cd /home/khadas/BRUCE/BRUCE-OP && ls && echo 'y' | ./init.sh
2025-12-16 22:25:28,455 - robot - ERROR - real_robot_adapter.py:250 - 命令执行失败: cd /home/khadas/BRUCE/BRUCE-OP && ls && ./init.sh, 错误: 
Traceback (most recent call last):
  File "C:\Users\16370\.conda\envs\hcfw\lib\site-packages\paramiko\channel.py", line 697, in recv
    out = self.in_buffer.read(nbytes, self.timeout)
  File "C:\Users\16370\.conda\envs\hcfw\lib\site-packages\paramiko\buffered_pipe.py", line 154, in read
    raise PipeTimeout()
paramiko.buffered_pipe.PipeTimeout

During handling of the above exception, another exception occurred:

Traceback (most recent call last):
  File "D:\Myhomework\j3\hc\bruce-web-test-platform\backend\adapters\real_robot_adapter.py", line 230, in execute_command
    output = stdout.read().decode('utf-8', errors='ignore').strip()
  File "C:\Users\16370\.conda\envs\hcfw\lib\site-packages\paramiko\file.py", line 184, in read
    new_data = self._read(self._DEFAULT_BUFSIZE)
  File "C:\Users\16370\.conda\envs\hcfw\lib\site-packages\paramiko\channel.py", line 1359, in _read
    return self.channel.recv(size)
  File "C:\Users\16370\.conda\envs\hcfw\lib\site-packages\paramiko\channel.py", line 699, in recv
    raise socket.timeout()
socket.timeout
2025-12-16 22:25:28,475 - robot - ERROR - logger.py:81 - 命令执行失败: cd /home/khadas/BRUCE/BRUCE-OP && ls && ./init.sh
2025-12-16 22:39:20,879 - robot - ERROR - real_robot_adapter.py:278 - 命令错误: [sudo] password for khadas:
2025-12-16 22:39:20,889 - robot - ERROR - logger.py:81 - 命令执行失败: cd /home/khadas/BRUCE/BRUCE-OP && timeout 300s ./init.sh
2025-12-16 22:42:05,142 - robot - ERROR - real_robot_adapter.py:278 - 命令错误: timeout: failed to run command ‘./inits.sh’: Permission denied
2025-12-16 22:42:05,145 - robot - ERROR - logger.py:81 - 命令执行失败: cd /home/khadas/BRUCE/BRUCE-OP && timeout 300s ./inits.sh
2025-12-16 22:42:56,247 - robot - ERROR - real_robot_adapter.py:278 - 命令错误: timeout: failed to run command ‘./inits.sh’: No such file or directory
2025-12-16 22:42:56,248 - robot - ERROR - logger.py:81 - 命令执行失败: cd /home/khadas/BRUCE/BRUCE-OP && timeout 300s ./inits.sh
2025-12-16 22:43:46,597 - robot - ERROR - real_robot_adapter.py:278 - 命令错误: timeout: failed to run command ‘./inits.sh’: No such file or directory
2025-12-16 22:43:46,601 - robot - ERROR - logger.py:81 - 命令执行失败: cd /home/khadas/BRUCE/BRUCE-OP && ls && timeout 300s ./inits.sh
2025-12-16 22:45:47,409 - robot - ERROR - real_robot_adapter.py:278 - 命令错误: inits.sh: line 11: $'\r': command not found
inits.sh: line 12: cd: $'/home/khadas/BRUCE/BRUCE-OP\r': No such file or directory
bash: Startups/startup_setup.sh: No such file or directory
inits.sh: line 14: $'\r': command not found
inits.sh: line 17: syntax error near unexpected token `$'do\r''
inits.sh: line 17: `do'
2025-12-16 22:45:47,409 - robot - ERROR - logger.py:81 - 命令执行失败: cd /home/khadas/BRUCE/BRUCE-OP && timeout 300s bash inits.sh
2025-12-16 22:48:56,413 - robot - ERROR - real_robot_adapter.py:290 - 命令执行失败: cd /home/khadas/BRUCE/BRUCE-OP && timeout 300s bash init.sh, 错误: name 'socket' is not defined
Traceback (most recent call last):
  File "C:\Users\16370\.conda\envs\hcfw\lib\site-packages\paramiko\channel.py", line 697, in recv
    out = self.in_buffer.read(nbytes, self.timeout)
  File "C:\Users\16370\.conda\envs\hcfw\lib\site-packages\paramiko\buffered_pipe.py", line 154, in read
    raise PipeTimeout()
paramiko.buffered_pipe.PipeTimeout

During handling of the above exception, another exception occurred:

Traceback (most recent call last):
  File "D:\Myhomework\j3\hc\bruce-web-test-platform\backend\adapters\real_robot_adapter.py", line 265, in execute_command
    output = stdout.read().decode('utf-8', errors='ignore').strip()
  File "C:\Users\16370\.conda\envs\hcfw\lib\site-packages\paramiko\file.py", line 184, in read
    new_data = self._read(self._DEFAULT_BUFSIZE)
  File "C:\Users\16370\.conda\envs\hcfw\lib\site-packages\paramiko\channel.py", line 1359, in _read
    return self.channel.recv(size)
  File "C:\Users\16370\.conda\envs\hcfw\lib\site-packages\paramiko\channel.py", line 699, in recv
    raise socket.timeout()
socket.timeout

During handling of the above exception, another exception occurred:

Traceback (most recent call last):
  File "D:\Myhomework\j3\hc\bruce-web-test-platform\backend\adapters\real_robot_adapter.py", line 268, in execute_command
    except socket.timeout:
NameError: name 'socket' is not defined
2025-12-16 22:48:56,423 - robot - ERROR - logger.py:81 - 命令执行失败: cd /home/khadas/BRUCE/BRUCE-OP && timeout 300s bash init.sh
2025-12-16 22:49:30,879 - robot - ERROR - real_robot_adapter.py:278 - 命令错误: inits.sh: line 11: $'\r': command not found
inits.sh: line 12: cd: $'/home/khadas/BRUCE/BRUCE-OP\r': No such file or directory
bash: Startups/startup_setup.sh: No such file or directory
inits.sh: line 14: $'\r': command not found
inits.sh: line 17: syntax error near unexpected token `$'do\r''
inits.sh: line 17: `do'
2025-12-16 22:49:30,879 - robot - ERROR - logger.py:81 - 命令执行失败: cd /home/khadas/BRUCE/BRUCE-OP && timeout 300s bash inits.sh
2025-12-16 22:50:49,319 - robot - ERROR - real_robot_adapter.py:278 - 命令错误: [sudo] password for khadas: inits.sh: line 32: -m: command not found
2025-12-16 22:51:43,290 - robot - ERROR - real_robot_adapter.py:98 - SSH连接失败: No existing session
